<?xml version="1.0" encoding="UTF-8"?>
<testsuite xmlns:xsi="http://www.w3.org/2001/XMLSchema-instance" xsi:noNamespaceSchemaLocation="https://maven.apache.org/surefire/maven-surefire-plugin/xsd/surefire-test-report.xsd" name="RunCukesTest" time="1,399.621" tests="78" errors="1" skipped="0" failures="0">
  <properties>
[...]
</properties>
  <testcase name="Go to one Floor from the list" classname="Dashboard Tests" time="18.706"/>
  <testcase name="Go to one Floor from the Floors button" classname="Dashboard Tests" time="31.594"/>
  <testcase name="Go to one Device from the Devices button" classname="Dashboard Tests" time="20.264"/>
  <testcase name="Add Widget on Dashboard" classname="Dashboard Tests" time="18.128"/>
  <testcase name="Edit Navigation Widget on Dashboard" classname="Dashboard Tests" time="19.793"/>
  <testcase name="Edit Summary Widget on Dashboard" classname="Dashboard Tests" time="20.233"/>
  <testcase name="Go to one Device from Summary Widget" classname="Dashboard Tests" time="12.455"/>
  <testcase name="Go to one Device from Navigation Widget" classname="Dashboard Tests" time="12.259"/>
  <testcase name="Remove Widget from Dashboard" classname="Dashboard Tests" time="19.476"/>
  <testcase name="Add New Building" classname="Building Panel Tests" time="17.379"/>
  <testcase name="Edit Building" classname="Building Panel Tests" time="12.853"/>
  <testcase name="Add New Floor" classname="Building Panel Tests" time="18.968"/>
  <testcase name="Add Multiple Floors" classname="Building Panel Tests" time="18.225"/>
  <testcase name="Edit Floors" classname="Building Panel Tests" time="23.737"/>
  <testcase name="Delete Floors" classname="Building Panel Tests" time="25.845"/>
  <testcase name="Assign Users" classname="Building Panel Tests" time="19.099"/>
  <testcase name="Delete Assign Users" classname="Building Panel Tests" time="22.715"/>
  <testcase name="Add Connector" classname="Building Panel Tests" time="18.179"/>
  <testcase name="Test Connector" classname="Building Panel Tests" time="12.304"/>
  <testcase name="Edit Connector" classname="Building Panel Tests" time="29.45"/>
  <testcase name="Delete Connector" classname="Building Panel Tests" time="20.178"/>
  <testcase name="Delete Building" classname="Building Panel Tests" time="17.475"/>
  <testcase name="Search For Device" classname="Devices Tests" time="17.016"/>
  <testcase name="Filter By Type" classname="Devices Tests" time="19.208"/>
  <testcase name="Filter by Area" classname="Devices Tests" time="13.365"/>
  <testcase name="Go to Device Details Page" classname="Devices Tests" time="13.431"/>
  <testcase name="Update Device using Batch Update" classname="Devices Tests" time="20.784"/>
  <testcase name="Create Point Group and add some points" classname="Devices Tests" time="21.667"/>
  <testcase name="Delete Points Group" classname="Devices Tests" time="21.459"/>
  <testcase name="Add point to Template from Point Batch Update" classname="Devices Tests" time="24.079"/>
  <testcase name="Remove point from Template at Point Batch Update" classname="Devices Tests" time="21.962"/>
  <testcase name="Update Device from device page" classname="Devices Tests" time="23.288"/>
  <testcase name="Update Device from Details page" classname="Devices Tests" time="22.612"/>
  <testcase name="Discover Devices" classname="Devices Tests" time="20.415"/>
  <testcase name="Add Floor plan" classname="Floor Tests" time="21.934"/>
  <testcase name="Add Devices at Floor" classname="Floor Tests" time="23.959"/>
  <testcase name="Hide Zones and Names at Floor" classname="Floor Tests" time="15.412"/>
  <testcase name="Reset Floor to Default" classname="Floor Tests" time="23.175"/>
  <testcase name="Connect Points from Edit Points page" classname="Points Tests" time="34.32"/>
  <testcase name="Edit Point Using Point batch Update" classname="Points Tests" time="28.725"/>
  <testcase name="Edit Point at Device Details page" classname="Points Tests" time="33.45"/>
  <testcase name="Open Point detail pop-up" classname="Points Tests" time="18.034"/>
  <testcase name="Search has 3 different part" classname="Search Tests" time="6.974"/>
  <testcase name="View all for Buildings" classname="Search Tests" time="9.775"/>
  <testcase name="View all for Floors" classname="Search Tests" time="8.799"/>
  <testcase name="View all for Devices" classname="Search Tests" time="8.582"/>
  <testcase name="User Search with Building name" classname="Search Tests" time="10.47"/>
  <testcase name="User Search with Floor name" classname="Search Tests" time="9.899"/>
  <testcase name="User Search with Devices name" classname="Search Tests" time="9.325"/>
  <testcase name="Search for Building" classname="Sites Page Tests" time="7.357"/>
  <testcase name="Go To Building Dashboard" classname="Sites Page Tests" time="11.261"/>
  <testcase name="Select Building from Map" classname="Sites Page Tests" time="9.553"/>
  <testcase name="Create System" classname="Systems Tests" time="20.369"/>
  <testcase name="Add content to System" classname="Systems Tests" time="23.187"/>
  <testcase name="Edit System" classname="Systems Tests" time="20.724"/>
  <testcase name="Delete Systems" classname="Systems Tests" time="18.076"/>
  <testcase name="Add New Tag" classname="Tags Tests" time="10.183"/>
  <testcase name="Search Tag" classname="Tags Tests" time="12.332"/>
  <testcase name="Edit Tag" classname="Tags Tests" time="18.206"/>
  <testcase name="Delete Tag" classname="Tags Tests" time="16.944"/>
  <testcase name="Add New Section and Add new Point" classname="Templates Tests" time="15.932"/>
  <testcase name="Edit Section Name" classname="Templates Tests" time="21.963"/>
  <testcase name="Edit Point" classname="Templates Tests" time="10.914"/>
  <testcase name="Link Points" classname="Templates Tests" time="14.536"/>
  <testcase name="Delete Point" classname="Templates Tests" time="17.37"/>
  <testcase name="Delete Section" classname="Templates Tests" time="20.695"/>
  <testcase name="Add New Unit Category" classname="Units Tests" time="10.894"/>
  <testcase name="Add new Unit" classname="Units Tests" time="19.535"/>
  <testcase name="Edit Unit" classname="Units Tests" time="16.795"/>
  <testcase name="Delete Unit" classname="Units Tests" time="13.23"/>
  <testcase name="Add New User" classname="User Panel Tests" time="14.857"/>
  <testcase name="Edit User" classname="User Panel Tests" time="12.289"/>
  <testcase name="Assign Buildings to User" classname="User Panel Tests" time="19.798"/>
  <testcase name="Remove Building from User" classname="User Panel Tests" time="19.708"/>
  <testcase name="Delete Users" classname="User Panel Tests" time="9.247">
    <error message="stale element reference: element is not attached to the page document&#10;  (Session info: chrome=72.0.3626.121)&#10;  (Driver info: chromedriver=2.43.600210 (68dcf5eebde37173d4027fa8635e332711d2874a),platform=Windows NT 10.0.17134 x86_64) (WARNING: The server did not provide any stacktrace information)&#10;Command duration or timeout: 0 milliseconds&#10;For documentation on this error, please visit: https://www.seleniumhq.org/exceptions/stale_element_reference.html&#10;Build info: version: &apos;3.141.59&apos;, revision: &apos;e82be7d358&apos;, time: &apos;2018-11-14T08:17:03&apos;&#10;System info: host: &apos;DESKTOP-E0L3QD7&apos;, ip: &apos;192.168.1.120&apos;, os.name: &apos;Windows 10&apos;, os.arch: &apos;amd64&apos;, os.version: &apos;10.0&apos;, java.version: &apos;1.8.0_191&apos;&#10;Driver info: org.openqa.selenium.chrome.ChromeDriver&#10;Capabilities {acceptInsecureCerts: false, acceptSslCerts: false, applicationCacheEnabled: false, browserConnectionEnabled: false, browserName: chrome, chrome: {chromedriverVersion: 2.43.600210 (68dcf5eebde371..., userDataDir: C:\Users\sopja\AppData\Loca...}, cssSelectorsEnabled: true, databaseEnabled: false, goog:chromeOptions: {debuggerAddress: localhost:55785}, handlesAlerts: true, hasTouchScreen: false, javascriptEnabled: true, locationContextEnabled: true, mobileEmulationEnabled: false, nativeEvents: true, networkConnectionEnabled: false, pageLoadStrategy: normal, platform: XP, platformName: XP, rotatable: false, setWindowRect: true, takesHeapSnapshot: true, takesScreenshot: true, unexpectedAlertBehaviour: , unhandledPromptBehavior: , version: 72.0.3626.121, webStorageEnabled: true}&#10;Session ID: 3e4f453999ca60b89199f6df54ddb5c5" type="org.openqa.selenium.StaleElementReferenceException">org.openqa.selenium.StaleElementReferenceException: 
stale element reference: element is not attached to the page document
  (Session info: chrome=72.0.3626.121)
  (Driver info: chromedriver=2.43.600210 (68dcf5eebde37173d4027fa8635e332711d2874a),platform=Windows NT 10.0.17134 x86_64) (WARNING: The server did not provide any stacktrace information)
Command duration or timeout: 0 milliseconds
For documentation on this error, please visit: https://www.seleniumhq.org/exceptions/stale_element_reference.html
Build info: version: '3.141.59', revision: 'e82be7d358', time: '2018-11-14T08:17:03'
System info: host: 'DESKTOP-E0L3QD7', ip: '192.168.1.120', os.name: 'Windows 10', os.arch: 'amd64', os.version: '10.0', java.version: '1.8.0_191'
Driver info: org.openqa.selenium.chrome.ChromeDriver
Capabilities {acceptInsecureCerts: false, acceptSslCerts: false, applicationCacheEnabled: false, browserConnectionEnabled: false, browserName: chrome, chrome: {chromedriverVersion: 2.43.600210 (68dcf5eebde371..., userDataDir: C:\Users\sopja\AppData\Loca...}, cssSelectorsEnabled: true, databaseEnabled: false, goog:chromeOptions: {debuggerAddress: localhost:55785}, handlesAlerts: true, hasTouchScreen: false, javascriptEnabled: true, locationContextEnabled: true, mobileEmulationEnabled: false, nativeEvents: true, networkConnectionEnabled: false, pageLoadStrategy: normal, platform: XP, platformName: XP, rotatable: false, setWindowRect: true, takesHeapSnapshot: true, takesScreenshot: true, unexpectedAlertBehaviour: , unhandledPromptBehavior: , version: 72.0.3626.121, webStorageEnabled: true}
Session ID: 3e4f453999ca60b89199f6df54ddb5c5
</error>
    <system-out><![CDATA[
  Background: Steps That execute before every scenario &amp#27;[90m# src/test/resource/UserPanel.feature:3&amp#27;[0m
    &amp#27;[32mGiven &amp#27;[0m&amp#27;[32mOpen KodeLabs Page&amp#27;[0m                           &amp#27;[90m# WebsiteStepDefs.thePreconditionForTheTestGoesToWebsiteOrLogsIn()&amp#27;[0m
    &amp#27;[32mThen &amp#27;[0m&amp#27;[32mCheck if user is logged in&amp#27;[0m                    &amp#27;[90m# WebsiteStepDefs.theAssertionThatTheTestHasPassedAndWorkedFine()&amp#27;[0m
    &amp#27;[32mAnd &amp#27;[0m&amp#27;[32mUser Go To admin panel&amp#27;[0m                         &amp#27;[90m# WebsiteStepDefs.clickAdminPanel()&amp#27;[0m
    &amp#27;[32mThen &amp#27;[0m&amp#27;[32mCheck if user is at Admin panel&amp#27;[0m               &amp#27;[90m# WebsiteStepDefs.checkDevicesButton()&amp#27;[0m
    &amp#27;[32mAnd &amp#27;[0m&amp#27;[32mClick User Panel tab&amp#27;[0m                           &amp#27;[90m# WebsiteStepDefs.clickUserPanel()&amp#27;[0m
    &amp#27;[32mThen &amp#27;[0m&amp#27;[32mCheck if user is at User panel&amp#27;[0m                &amp#27;[90m# WebsiteStepDefs.checkUserPanel()&amp#27;[0m

  @Admin @SmokeTest @UserPanel
  Scenario: Delete Users                               &amp#27;[90m# src/test/resource/UserPanel.feature:45&amp#27;[0m
    &amp#27;[32mWhen &amp#27;[0m&amp#27;[32mUser click &amp#27;[0m&amp#27;[32m&amp#27;[1mEdonis&amp#27;[0m&amp#27;[32m User&amp#27;[0m                        &amp#27;[90m# WebsiteStepDefs.openUser(String)&amp#27;[0m
    &amp#27;[31mAnd &amp#27;[0m&amp#27;[31mUser click on Delete user button&amp#27;[0m               &amp#27;[90m# WebsiteStepDefs.removedUser()&amp#27;[0m
      &amp#27;[31morg.openqa.selenium.StaleElementReferenceException: stale element reference: element is not attached to the page document
  (Session info: chrome=72.0.3626.121)
  (Driver info: chromedriver=2.43.600210 (68dcf5eebde37173d4027fa8635e332711d2874a),platform=Windows NT 10.0.17134 x86_64) (WARNING: The server did not provide any stacktrace information)
Command duration or timeout: 0 milliseconds
For documentation on this error, please visit: https://www.seleniumhq.org/exceptions/stale_element_reference.html
Build info: version: '3.141.59', revision: 'e82be7d358', time: '2018-11-14T08:17:03'
System info: host: 'DESKTOP-E0L3QD7', ip: '192.168.1.120', os.name: 'Windows 10', os.arch: 'amd64', os.version: '10.0', java.version: '1.8.0_191'
Driver info: org.openqa.selenium.chrome.ChromeDriver
Capabilities {acceptInsecureCerts: false, acceptSslCerts: false, applicationCacheEnabled: false, browserConnectionEnabled: false, browserName: chrome, chrome: {chromedriverVersion: 2.43.600210 (68dcf5eebde371..., userDataDir: C:\Users\sopja\AppData\Loca...}, cssSelectorsEnabled: true, databaseEnabled: false, goog:chromeOptions: {debuggerAddress: localhost:55785}, handlesAlerts: true, hasTouchScreen: false, javascriptEnabled: true, locationContextEnabled: true, mobileEmulationEnabled: false, nativeEvents: true, networkConnectionEnabled: false, pageLoadStrategy: normal, platform: XP, platformName: XP, rotatable: false, setWindowRect: true, takesHeapSnapshot: true, takesScreenshot: true, unexpectedAlertBehaviour: , unhandledPromptBehavior: , version: 72.0.3626.121, webStorageEnabled: true}
Session ID: 3e4f453999ca60b89199f6df54ddb5c5
	at sun.reflect.NativeConstructorAccessorImpl.newInstance0(Native Method)
	at sun.reflect.NativeConstructorAccessorImpl.newInstance(NativeConstructorAccessorImpl.java:62)
	at sun.reflect.DelegatingConstructorAccessorImpl.newInstance(DelegatingConstructorAccessorImpl.java:45)
	at java.lang.reflect.Constructor.newInstance(Constructor.java:423)
	at org.openqa.selenium.remote.ErrorHandler.createThrowable(ErrorHandler.java:214)
	at org.openqa.selenium.remote.ErrorHandler.throwIfResponseFailed(ErrorHandler.java:166)
	at org.openqa.selenium.remote.http.JsonHttpResponseCodec.reconstructValue(JsonHttpResponseCodec.java:40)
	at org.openqa.selenium.remote.http.AbstractHttpResponseCodec.decode(AbstractHttpResponseCodec.java:80)
	at org.openqa.selenium.remote.http.AbstractHttpResponseCodec.decode(AbstractHttpResponseCodec.java:44)
	at org.openqa.selenium.remote.HttpCommandExecutor.execute(HttpCommandExecutor.java:158)
	at org.openqa.selenium.remote.service.DriverCommandExecutor.execute(DriverCommandExecutor.java:83)
	at org.openqa.selenium.remote.RemoteWebDriver.execute(RemoteWebDriver.java:552)
	at org.openqa.selenium.remote.RemoteWebElement.execute(RemoteWebElement.java:285)
	at org.openqa.selenium.remote.RemoteWebElement.click(RemoteWebElement.java:84)
	at stepdefs.WebsiteStepDefs.removedUser(WebsiteStepDefs.java:905)
	at ?.User click on Delete user button(src/test/resource/UserPanel.feature:47)
&amp#27;[0m
    &amp#27;[36mThen &amp#27;[0m&amp#27;[36mCheck if User &amp#27;[0m&amp#27;[36m&amp#27;[1mEdonis&amp#27;[0m&amp#27;[36m dissapears from the list&amp#27;[0m &amp#27;[90m# WebsiteStepDefs.checkRemovedUser(String)&amp#27;[0m
]]></system-out>
  </testcase>
  <testcase name="Create Virtual Device" classname="Virtual Devices Tests" time="19.455"/>
  <testcase name="Add Points to Virtual Device" classname="Virtual Devices Tests" time="18.797"/>
  <testcase name="Remove Points to Virtual Device" classname="Virtual Devices Tests" time="21.12"/>
</testsuite>