<?xml version="1.0" encoding="UTF-8" ?>
<testsuites>
  <testsuite errors="3" failures="0" name="RunCukesTest" package="" skipped="0" tests="3" time="0.69" xmlns:xsi="http://www.w3.org/2001/XMLSchema-instance" xsi:noNamespaceSchemaLocation="https://maven.apache.org/surefire/maven-surefire-plugin/xsd/surefire-test-report.xsd">
      <properties>
[...]
</properties>

      <testcase classname="Sites Page Tests" name="Search for Building" time="0.187">
          <error type="java.lang.ExceptionInInitializerError">java.lang.ExceptionInInitializerError
Caused by: java.lang.IllegalStateException: The driver is not executable: /kode/src/main/resources/chromedriverlinux
</error>

          <system-out><![CDATA[Feature: Sites Page Tests
  Check The Search functions

  Background: Steps That execute before every scenario &amp#27;[90m# src/test/resource/Sites.feature:4&amp#27;[0m
    &amp#27;[31mGiven &amp#27;[0m&amp#27;[31mOpen KodeLabs Page&amp#27;[0m                           &amp#27;[90m# WebsiteStepDefs.thePreconditionForTheTestGoesToWebsiteOrLogsIn()&amp#27;[0m
      &amp#27;[31mjava.lang.ExceptionInInitializerError
	at stepdefs.WebsiteStepDefs.thePreconditionForTheTestGoesToWebsiteOrLogsIn(WebsiteStepDefs.java:22)
	at ✽.Open KodeLabs Page(src/test/resource/Sites.feature:5)
Caused by: java.lang.IllegalStateException: The driver is not executable: /kode/src/main/resources/chromedriverlinux
	at com.google.common.base.Preconditions.checkState(Preconditions.java:585)
	at org.openqa.selenium.remote.service.DriverService.checkExecutable(DriverService.java:150)
	at org.openqa.selenium.remote.service.DriverService.findExecutable(DriverService.java:141)
	at org.openqa.selenium.chrome.ChromeDriverService.access$000(ChromeDriverService.java:32)
	at org.openqa.selenium.chrome.ChromeDriverService$Builder.findDefaultExecutable(ChromeDriverService.java:137)
	at org.openqa.selenium.remote.service.DriverService$Builder.build(DriverService.java:355)
	at org.openqa.selenium.chrome.ChromeDriverService.createDefaultService(ChromeDriverService.java:88)
	at org.openqa.selenium.chrome.ChromeDriver.<init>(ChromeDriver.java:156)
	at selenium.WebDriverFactory.createWebDriver(WebDriverFactory.java:60)
	at selenium.WebDriverFactory.<init>(WebDriverFactory.java:27)
	at selenium.WebDriverFactory.<clinit>(WebDriverFactory.java:21)
	at stepdefs.WebsiteStepDefs.thePreconditionForTheTestGoesToWebsiteOrLogsIn(WebsiteStepDefs.java:22)
	at sun.reflect.NativeMethodAccessorImpl.invoke0(Native Method)
	at sun.reflect.NativeMethodAccessorImpl.invoke(NativeMethodAccessorImpl.java:62)
	at sun.reflect.DelegatingMethodAccessorImpl.invoke(DelegatingMethodAccessorImpl.java:43)
	at java.lang.reflect.Method.invoke(Method.java:498)
	at cucumber.runtime.Utils$1.call(Utils.java:32)
	at cucumber.runtime.Timeout.timeout(Timeout.java:16)
	at cucumber.runtime.Utils.invoke(Utils.java:26)
	at cucumber.runtime.java.JavaStepDefinition.execute(JavaStepDefinition.java:37)
	at cucumber.runtime.StepDefinitionMatch.runStep(StepDefinitionMatch.java:40)
	at cucumber.api.TestStep.executeStep(TestStep.java:102)
	at cucumber.api.TestStep.run(TestStep.java:83)
	at cucumber.api.TestCase.run(TestCase.java:58)
	at cucumber.runner.Runner.runPickle(Runner.java:80)
	at cucumber.runtime.junit.PickleRunners$NoStepDescriptions.run(PickleRunners.java:140)
	at cucumber.runtime.junit.FeatureRunner.runChild(FeatureRunner.java:68)
	at cucumber.runtime.junit.FeatureRunner.runChild(FeatureRunner.java:23)
	at org.junit.runners.ParentRunner$4.run(ParentRunner.java:330)
	at org.junit.runners.ParentRunner$1.schedule(ParentRunner.java:78)
	at org.junit.runners.ParentRunner.runChildren(ParentRunner.java:328)
	at org.junit.runners.ParentRunner.access$100(ParentRunner.java:65)
	at org.junit.runners.ParentRunner$2.evaluate(ParentRunner.java:292)
	at org.junit.runners.ParentRunner$3.evaluate(ParentRunner.java:305)
	at org.junit.runners.ParentRunner.run(ParentRunner.java:412)
	at cucumber.runtime.junit.FeatureRunner.run(FeatureRunner.java:73)
	at cucumber.api.junit.Cucumber.runChild(Cucumber.java:117)
	at cucumber.api.junit.Cucumber.runChild(Cucumber.java:55)
	at org.junit.runners.ParentRunner$4.run(ParentRunner.java:330)
	at org.junit.runners.ParentRunner$1.schedule(ParentRunner.java:78)
	at org.junit.runners.ParentRunner.runChildren(ParentRunner.java:328)
	at org.junit.runners.ParentRunner.access$100(ParentRunner.java:65)
	at org.junit.runners.ParentRunner$2.evaluate(ParentRunner.java:292)
	at cucumber.api.junit.Cucumber$1.evaluate(Cucumber.java:126)
	at org.junit.internal.runners.statements.RunAfters.evaluate(RunAfters.java:27)
	at org.junit.runners.ParentRunner$3.evaluate(ParentRunner.java:305)
	at org.junit.runners.ParentRunner.run(ParentRunner.java:412)
	at org.apache.maven.surefire.junit4.JUnit4Provider.execute(JUnit4Provider.java:365)
	at org.apache.maven.surefire.junit4.JUnit4Provider.executeWithRerun(JUnit4Provider.java:273)
	at org.apache.maven.surefire.junit4.JUnit4Provider.executeTestSet(JUnit4Provider.java:238)
	at org.apache.maven.surefire.junit4.JUnit4Provider.invoke(JUnit4Provider.java:159)
	at org.apache.maven.surefire.booter.ForkedBooter.invokeProviderInSameClassLoader(ForkedBooter.java:383)
	at org.apache.maven.surefire.booter.ForkedBooter.runSuitesInProcess(ForkedBooter.java:344)
	at org.apache.maven.surefire.booter.ForkedBooter.execute(ForkedBooter.java:125)
	at org.apache.maven.surefire.booter.ForkedBooter.main(ForkedBooter.java:417)
&amp#27;[0m
    &amp#27;[36mThen &amp#27;[0m&amp#27;[36mCheck if user is logged in&amp#27;[0m                    &amp#27;[90m# WebsiteStepDefs.checkIfUserIsLoggedIn()&amp#27;[0m

  @SmokeTest @Sites
  Scenario: Search for Building                         &amp#27;[90m# src/test/resource/Sites.feature:9&amp#27;[0m
    &amp#27;[36mWhen &amp#27;[0m&amp#27;[36mUser At Home page search for &amp#27;[0m&amp#27;[36m&amp#27;[1mChrysler House&amp#27;[0m    &amp#27;[90m# SitesStepDefs.searchFields(String)&amp#27;[0m
    &amp#27;[36mThen &amp#27;[0m&amp#27;[36mCheck if &amp#27;[0m&amp#27;[36m&amp#27;[1mChrysler House&amp#27;[0m&amp#27;[36m appears on Search list&amp#27;[0m &amp#27;[90m# SitesStepDefs.checkBuilding(String)&amp#27;[0m
]]></system-out>

      </testcase>

      <testcase classname="Sites Page Tests" name="Go To Building Dashboard" time="0.043">
          <error message="Could not initialize class selenium.WebDriverFactory" type="java.lang.NoClassDefFoundError">java.lang.NoClassDefFoundError: Could not initialize class selenium.WebDriverFactory
</error>

          <system-out><![CDATA[
  Background: Steps That execute before every scenario &amp#27;[90m# src/test/resource/Sites.feature:4&amp#27;[0m
    &amp#27;[31mGiven &amp#27;[0m&amp#27;[31mOpen KodeLabs Page&amp#27;[0m                           &amp#27;[90m# WebsiteStepDefs.thePreconditionForTheTestGoesToWebsiteOrLogsIn()&amp#27;[0m
      &amp#27;[31mjava.lang.NoClassDefFoundError: Could not initialize class selenium.WebDriverFactory
	at stepdefs.WebsiteStepDefs.thePreconditionForTheTestGoesToWebsiteOrLogsIn(WebsiteStepDefs.java:22)
	at ✽.Open KodeLabs Page(src/test/resource/Sites.feature:5)
&amp#27;[0m
    &amp#27;[36mThen &amp#27;[0m&amp#27;[36mCheck if user is logged in&amp#27;[0m                    &amp#27;[90m# WebsiteStepDefs.checkIfUserIsLoggedIn()&amp#27;[0m

  @SmokeTest @Sites
  Scenario: Go To Building Dashboard                 &amp#27;[90m# src/test/resource/Sites.feature:14&amp#27;[0m
    &amp#27;[36mWhen &amp#27;[0m&amp#27;[36mUser At Home page search for &amp#27;[0m&amp#27;[36m&amp#27;[1mChrysler House&amp#27;[0m &amp#27;[90m# SitesStepDefs.searchFields(String)&amp#27;[0m
    &amp#27;[36mAnd &amp#27;[0m&amp#27;[36mUser click twice on &amp#27;[0m&amp#27;[36m&amp#27;[1mChrysler House&amp#27;[0m&amp#27;[36m building&amp#27;[0m  &amp#27;[90m# SitesStepDefs.openBuilding(String)&amp#27;[0m
    &amp#27;[36mThen &amp#27;[0m&amp#27;[36mCheck if &amp#27;[0m&amp#27;[36m&amp#27;[1mChrysler House&amp#27;[0m&amp#27;[36m Dashboard appears&amp#27;[0m   &amp#27;[90m# SitesStepDefs.checkDashboard(String)&amp#27;[0m
]]></system-out>

      </testcase>

      <testcase classname="RunCukesTest" name="RunCukesTest" time="0.154">
          <error type="java.lang.NullPointerException">java.lang.NullPointerException
	at RunCukesTest.TearDown(RunCukesTest.java:18)
</error>

          <system-out><![CDATA[
&amp#27;[31mFailed scenarios:&amp#27;[0m
&amp#27;[31msrc/test/resource/Sites.feature:9 &amp#27;[0m# Search for Building
&amp#27;[31msrc/test/resource/Sites.feature:14 &amp#27;[0m# Go To Building Dashboard

2 Scenarios (&amp#27;[31m2 failed&amp#27;[0m)
9 Steps (&amp#27;[31m2 failed&amp#27;[0m, &amp#27;[36m7 skipped&amp#27;[0m)
0m0.253s

java.lang.ExceptionInInitializerError
	at stepdefs.WebsiteStepDefs.thePreconditionForTheTestGoesToWebsiteOrLogsIn(WebsiteStepDefs.java:22)
	at ✽.Open KodeLabs Page(src/test/resource/Sites.feature:5)
Caused by: java.lang.IllegalStateException: The driver is not executable: /kode/src/main/resources/chromedriverlinux
	at com.google.common.base.Preconditions.checkState(Preconditions.java:585)
	at org.openqa.selenium.remote.service.DriverService.checkExecutable(DriverService.java:150)
	at org.openqa.selenium.remote.service.DriverService.findExecutable(DriverService.java:141)
	at org.openqa.selenium.chrome.ChromeDriverService.access$000(ChromeDriverService.java:32)
	at org.openqa.selenium.chrome.ChromeDriverService$Builder.findDefaultExecutable(ChromeDriverService.java:137)
	at org.openqa.selenium.remote.service.DriverService$Builder.build(DriverService.java:355)
	at org.openqa.selenium.chrome.ChromeDriverService.createDefaultService(ChromeDriverService.java:88)
	at org.openqa.selenium.chrome.ChromeDriver.<init>(ChromeDriver.java:156)
	at selenium.WebDriverFactory.createWebDriver(WebDriverFactory.java:60)
	at selenium.WebDriverFactory.<init>(WebDriverFactory.java:27)
	at selenium.WebDriverFactory.<clinit>(WebDriverFactory.java:21)
	at stepdefs.WebsiteStepDefs.thePreconditionForTheTestGoesToWebsiteOrLogsIn(WebsiteStepDefs.java:22)
	at sun.reflect.NativeMethodAccessorImpl.invoke0(Native Method)
	at sun.reflect.NativeMethodAccessorImpl.invoke(NativeMethodAccessorImpl.java:62)
	at sun.reflect.DelegatingMethodAccessorImpl.invoke(DelegatingMethodAccessorImpl.java:43)
	at java.lang.reflect.Method.invoke(Method.java:498)
	at cucumber.runtime.Utils$1.call(Utils.java:32)
	at cucumber.runtime.Timeout.timeout(Timeout.java:16)
	at cucumber.runtime.Utils.invoke(Utils.java:26)
	at cucumber.runtime.java.JavaStepDefinition.execute(JavaStepDefinition.java:37)
	at cucumber.runtime.StepDefinitionMatch.runStep(StepDefinitionMatch.java:40)
	at cucumber.api.TestStep.executeStep(TestStep.java:102)
	at cucumber.api.TestStep.run(TestStep.java:83)
	at cucumber.api.TestCase.run(TestCase.java:58)
	at cucumber.runner.Runner.runPickle(Runner.java:80)
	at cucumber.runtime.junit.PickleRunners$NoStepDescriptions.run(PickleRunners.java:140)
	at cucumber.runtime.junit.FeatureRunner.runChild(FeatureRunner.java:68)
	at cucumber.runtime.junit.FeatureRunner.runChild(FeatureRunner.java:23)
	at org.junit.runners.ParentRunner$4.run(ParentRunner.java:330)
	at org.junit.runners.ParentRunner$1.schedule(ParentRunner.java:78)
	at org.junit.runners.ParentRunner.runChildren(ParentRunner.java:328)
	at org.junit.runners.ParentRunner.access$100(ParentRunner.java:65)
	at org.junit.runners.ParentRunner$2.evaluate(ParentRunner.java:292)
	at org.junit.runners.ParentRunner$3.evaluate(ParentRunner.java:305)
	at org.junit.runners.ParentRunner.run(ParentRunner.java:412)
	at cucumber.runtime.junit.FeatureRunner.run(FeatureRunner.java:73)
	at cucumber.api.junit.Cucumber.runChild(Cucumber.java:117)
	at cucumber.api.junit.Cucumber.runChild(Cucumber.java:55)
	at org.junit.runners.ParentRunner$4.run(ParentRunner.java:330)
	at org.junit.runners.ParentRunner$1.schedule(ParentRunner.java:78)
	at org.junit.runners.ParentRunner.runChildren(ParentRunner.java:328)
	at org.junit.runners.ParentRunner.access$100(ParentRunner.java:65)
	at org.junit.runners.ParentRunner$2.evaluate(ParentRunner.java:292)
	at cucumber.api.junit.Cucumber$1.evaluate(Cucumber.java:126)
	at org.junit.internal.runners.statements.RunAfters.evaluate(RunAfters.java:27)
	at org.junit.runners.ParentRunner$3.evaluate(ParentRunner.java:305)
	at org.junit.runners.ParentRunner.run(ParentRunner.java:412)
	at org.apache.maven.surefire.junit4.JUnit4Provider.execute(JUnit4Provider.java:365)
	at org.apache.maven.surefire.junit4.JUnit4Provider.executeWithRerun(JUnit4Provider.java:273)
	at org.apache.maven.surefire.junit4.JUnit4Provider.executeTestSet(JUnit4Provider.java:238)
	at org.apache.maven.surefire.junit4.JUnit4Provider.invoke(JUnit4Provider.java:159)
	at org.apache.maven.surefire.booter.ForkedBooter.invokeProviderInSameClassLoader(ForkedBooter.java:383)
	at org.apache.maven.surefire.booter.ForkedBooter.runSuitesInProcess(ForkedBooter.java:344)
	at org.apache.maven.surefire.booter.ForkedBooter.execute(ForkedBooter.java:125)
	at org.apache.maven.surefire.booter.ForkedBooter.main(ForkedBooter.java:417)

java.lang.NoClassDefFoundError: Could not initialize class selenium.WebDriverFactory
	at stepdefs.WebsiteStepDefs.thePreconditionForTheTestGoesToWebsiteOrLogsIn(WebsiteStepDefs.java:22)
	at ✽.Open KodeLabs Page(src/test/resource/Sites.feature:5)

]]></system-out>

      </testcase>

  </testsuite>
</testsuites>
