<?xml version="1.0" encoding="UTF-8" ?>
<testsuites>
  <testsuite errors="1" failures="0" name="RunCukesTest" package="" skipped="0" tests="78" time="1,399.621" xmlns:xsi="http://www.w3.org/2001/XMLSchema-instance" xsi:noNamespaceSchemaLocation="https://maven.apache.org/surefire/maven-surefire-plugin/xsd/surefire-test-report.xsd">
      <properties>
[...]
</properties>

      <testcase classname="Dashboard Tests" name="Go to one Floor from the list" time="18.706" />

      <testcase classname="Dashboard Tests" name="Go to one Floor from the Floors button" time="31.594" />

      <testcase classname="Dashboard Tests" name="Go to one Device from the Devices button" time="20.264" />

      <testcase classname="Dashboard Tests" name="Add Widget on Dashboard" time="18.128" />

      <testcase classname="Dashboard Tests" name="Edit Navigation Widget on Dashboard" time="19.793" />

      <testcase classname="Dashboard Tests" name="Edit Summary Widget on Dashboard" time="20.233" />

      <testcase classname="Dashboard Tests" name="Go to one Device from Summary Widget" time="12.455" />

      <testcase classname="Dashboard Tests" name="Go to one Device from Navigation Widget" time="12.259" />

      <testcase classname="Dashboard Tests" name="Remove Widget from Dashboard" time="19.476" />

      <testcase classname="Building Panel Tests" name="Add New Building" time="17.379" />

      <testcase classname="Building Panel Tests" name="Edit Building" time="12.853" />

      <testcase classname="Building Panel Tests" name="Add New Floor" time="18.968" />

      <testcase classname="Building Panel Tests" name="Add Multiple Floors" time="18.225" />

      <testcase classname="Building Panel Tests" name="Edit Floors" time="23.737" />

      <testcase classname="Building Panel Tests" name="Delete Floors" time="25.845" />

      <testcase classname="Building Panel Tests" name="Assign Users" time="19.099" />

      <testcase classname="Building Panel Tests" name="Delete Assign Users" time="22.715" />

      <testcase classname="Building Panel Tests" name="Add Connector" time="18.179" />

      <testcase classname="Building Panel Tests" name="Test Connector" time="12.304" />

      <testcase classname="Building Panel Tests" name="Edit Connector" time="29.45" />

      <testcase classname="Building Panel Tests" name="Delete Connector" time="20.178" />

      <testcase classname="Building Panel Tests" name="Delete Building" time="17.475" />

      <testcase classname="Devices Tests" name="Search For Device" time="17.016" />

      <testcase classname="Devices Tests" name="Filter By Type" time="19.208" />

      <testcase classname="Devices Tests" name="Filter by Area" time="13.365" />

      <testcase classname="Devices Tests" name="Go to Device Details Page" time="13.431" />

      <testcase classname="Devices Tests" name="Update Device using Batch Update" time="20.784" />

      <testcase classname="Devices Tests" name="Create Point Group and add some points" time="21.667" />

      <testcase classname="Devices Tests" name="Delete Points Group" time="21.459" />

      <testcase classname="Devices Tests" name="Add point to Template from Point Batch Update" time="24.079" />

      <testcase classname="Devices Tests" name="Remove point from Template at Point Batch Update" time="21.962" />

      <testcase classname="Devices Tests" name="Update Device from device page" time="23.288" />

      <testcase classname="Devices Tests" name="Update Device from Details page" time="22.612" />

      <testcase classname="Devices Tests" name="Discover Devices" time="20.415" />

      <testcase classname="Floor Tests" name="Add Floor plan" time="21.934" />

      <testcase classname="Floor Tests" name="Add Devices at Floor" time="23.959" />

      <testcase classname="Floor Tests" name="Hide Zones and Names at Floor" time="15.412" />

      <testcase classname="Floor Tests" name="Reset Floor to Default" time="23.175" />

      <testcase classname="Points Tests" name="Connect Points from Edit Points page" time="34.32" />

      <testcase classname="Points Tests" name="Edit Point Using Point batch Update" time="28.725" />

      <testcase classname="Points Tests" name="Edit Point at Device Details page" time="33.45" />

      <testcase classname="Points Tests" name="Open Point detail pop-up" time="18.034" />

      <testcase classname="Search Tests" name="Search has 3 different part" time="6.974" />

      <testcase classname="Search Tests" name="View all for Buildings" time="9.775" />

      <testcase classname="Search Tests" name="View all for Floors" time="8.799" />

      <testcase classname="Search Tests" name="View all for Devices" time="8.582" />

      <testcase classname="Search Tests" name="User Search with Building name" time="10.47" />

      <testcase classname="Search Tests" name="User Search with Floor name" time="9.899" />

      <testcase classname="Search Tests" name="User Search with Devices name" time="9.325" />

      <testcase classname="Sites Page Tests" name="Search for Building" time="7.357" />

      <testcase classname="Sites Page Tests" name="Go To Building Dashboard" time="11.261" />

      <testcase classname="Sites Page Tests" name="Select Building from Map" time="9.553" />

      <testcase classname="Systems Tests" name="Create System" time="20.369" />

      <testcase classname="Systems Tests" name="Add content to System" time="23.187" />

      <testcase classname="Systems Tests" name="Edit System" time="20.724" />

      <testcase classname="Systems Tests" name="Delete Systems" time="18.076" />

      <testcase classname="Tags Tests" name="Add New Tag" time="10.183" />

      <testcase classname="Tags Tests" name="Search Tag" time="12.332" />

      <testcase classname="Tags Tests" name="Edit Tag" time="18.206" />

      <testcase classname="Tags Tests" name="Delete Tag" time="16.944" />

      <testcase classname="Templates Tests" name="Add New Section and Add new Point" time="15.932" />

      <testcase classname="Templates Tests" name="Edit Section Name" time="21.963" />

      <testcase classname="Templates Tests" name="Edit Point" time="10.914" />

      <testcase classname="Templates Tests" name="Link Points" time="14.536" />

      <testcase classname="Templates Tests" name="Delete Point" time="17.37" />

      <testcase classname="Templates Tests" name="Delete Section" time="20.695" />

      <testcase classname="Units Tests" name="Add New Unit Category" time="10.894" />

      <testcase classname="Units Tests" name="Add new Unit" time="19.535" />

      <testcase classname="Units Tests" name="Edit Unit" time="16.795" />

      <testcase classname="Units Tests" name="Delete Unit" time="13.23" />

      <testcase classname="User Panel Tests" name="Add New User" time="14.857" />

      <testcase classname="User Panel Tests" name="Edit User" time="12.289" />

      <testcase classname="User Panel Tests" name="Assign Buildings to User" time="19.798" />

      <testcase classname="User Panel Tests" name="Remove Building from User" time="19.708" />

      <testcase classname="User Panel Tests" name="Delete Users" time="9.247">
          <error message="stale element reference: element is not attached to the page document
  (Session info: chrome=72.0.3626.121)
  (Driver info: chromedriver=2.43.600210 (68dcf5eebde37173d4027fa8635e332711d2874a),platform=Windows NT 10.0.17134 x86_64) (WARNING: The server did not provide any stacktrace information)
Command duration or timeout: 0 milliseconds
For documentation on this error, please visit: https://www.seleniumhq.org/exceptions/stale_element_reference.html
Build info: version: &apos;3.141.59&apos;, revision: &apos;e82be7d358&apos;, time: &apos;2018-11-14T08:17:03&apos;
System info: host: &apos;DESKTOP-E0L3QD7&apos;, ip: &apos;192.168.1.120&apos;, os.name: &apos;Windows 10&apos;, os.arch: &apos;amd64&apos;, os.version: &apos;10.0&apos;, java.version: &apos;1.8.0_191&apos;
Driver info: org.openqa.selenium.chrome.ChromeDriver
Capabilities {acceptInsecureCerts: false, acceptSslCerts: false, applicationCacheEnabled: false, browserConnectionEnabled: false, browserName: chrome, chrome: {chromedriverVersion: 2.43.600210 (68dcf5eebde371..., userDataDir: C:\Users\sopja\AppData\Loca...}, cssSelectorsEnabled: true, databaseEnabled: false, goog:chromeOptions: {debuggerAddress: localhost:55785}, handlesAlerts: true, hasTouchScreen: false, javascriptEnabled: true, locationContextEnabled: true, mobileEmulationEnabled: false, nativeEvents: true, networkConnectionEnabled: false, pageLoadStrategy: normal, platform: XP, platformName: XP, rotatable: false, setWindowRect: true, takesHeapSnapshot: true, takesScreenshot: true, unexpectedAlertBehaviour: , unhandledPromptBehavior: , version: 72.0.3626.121, webStorageEnabled: true}
Session ID: 3e4f453999ca60b89199f6df54ddb5c5" type="org.openqa.selenium.StaleElementReferenceException">org.openqa.selenium.StaleElementReferenceException: 
stale element reference: element is not attached to the page document
  (Session info: chrome=72.0.3626.121)
  (Driver info: chromedriver=2.43.600210 (68dcf5eebde37173d4027fa8635e332711d2874a),platform=Windows NT 10.0.17134 x86_64) (WARNING: The server did not provide any stacktrace information)
Command duration or timeout: 0 milliseconds
For documentation on this error, please visit: https://www.seleniumhq.org/exceptions/stale_element_reference.html
Build info: version: &apos;3.141.59&apos;, revision: &apos;e82be7d358&apos;, time: &apos;2018-11-14T08:17:03&apos;
System info: host: &apos;DESKTOP-E0L3QD7&apos;, ip: &apos;192.168.1.120&apos;, os.name: &apos;Windows 10&apos;, os.arch: &apos;amd64&apos;, os.version: &apos;10.0&apos;, java.version: &apos;1.8.0_191&apos;
Driver info: org.openqa.selenium.chrome.ChromeDriver
Capabilities {acceptInsecureCerts: false, acceptSslCerts: false, applicationCacheEnabled: false, browserConnectionEnabled: false, browserName: chrome, chrome: {chromedriverVersion: 2.43.600210 (68dcf5eebde371..., userDataDir: C:\Users\sopja\AppData\Loca...}, cssSelectorsEnabled: true, databaseEnabled: false, goog:chromeOptions: {debuggerAddress: localhost:55785}, handlesAlerts: true, hasTouchScreen: false, javascriptEnabled: true, locationContextEnabled: true, mobileEmulationEnabled: false, nativeEvents: true, networkConnectionEnabled: false, pageLoadStrategy: normal, platform: XP, platformName: XP, rotatable: false, setWindowRect: true, takesHeapSnapshot: true, takesScreenshot: true, unexpectedAlertBehaviour: , unhandledPromptBehavior: , version: 72.0.3626.121, webStorageEnabled: true}
Session ID: 3e4f453999ca60b89199f6df54ddb5c5
</error>

          <system-out><![CDATA[
  Background: Steps That execute before every scenario &amp#27;[90m# src/test/resource/UserPanel.feature:3&amp#27;[0m
    &amp#27;[32mGiven &amp#27;[0m&amp#27;[32mOpen KodeLabs Page&amp#27;[0m                           &amp#27;[90m# WebsiteStepDefs.thePreconditionForTheTestGoesToWebsiteOrLogsIn()&amp#27;[0m
    &amp#27;[32mThen &amp#27;[0m&amp#27;[32mCheck if user is logged in&amp#27;[0m                    &amp#27;[90m# WebsiteStepDefs.theAssertionThatTheTestHasPassedAndWorkedFine()&amp#27;[0m
    &amp#27;[32mAnd &amp#27;[0m&amp#27;[32mUser Go To admin panel&amp#27;[0m                         &amp#27;[90m# WebsiteStepDefs.clickAdminPanel()&amp#27;[0m
    &amp#27;[32mThen &amp#27;[0m&amp#27;[32mCheck if user is at Admin panel&amp#27;[0m               &amp#27;[90m# WebsiteStepDefs.checkDevicesButton()&amp#27;[0m
    &amp#27;[32mAnd &amp#27;[0m&amp#27;[32mClick User Panel tab&amp#27;[0m                           &amp#27;[90m# WebsiteStepDefs.clickUserPanel()&amp#27;[0m
    &amp#27;[32mThen &amp#27;[0m&amp#27;[32mCheck if user is at User panel&amp#27;[0m                &amp#27;[90m# WebsiteStepDefs.checkUserPanel()&amp#27;[0m

  @Admin @SmokeTest @UserPanel
  Scenario: Delete Users                               &amp#27;[90m# src/test/resource/UserPanel.feature:45&amp#27;[0m
    &amp#27;[32mWhen &amp#27;[0m&amp#27;[32mUser click &amp#27;[0m&amp#27;[32m&amp#27;[1mEdonis&amp#27;[0m&amp#27;[32m User&amp#27;[0m                        &amp#27;[90m# WebsiteStepDefs.openUser(String)&amp#27;[0m
    &amp#27;[31mAnd &amp#27;[0m&amp#27;[31mUser click on Delete user button&amp#27;[0m               &amp#27;[90m# WebsiteStepDefs.removedUser()&amp#27;[0m
      &amp#27;[31morg.openqa.selenium.StaleElementReferenceException: stale element reference: element is not attached to the page document
  (Session info: chrome=72.0.3626.121)
  (Driver info: chromedriver=2.43.600210 (68dcf5eebde37173d4027fa8635e332711d2874a),platform=Windows NT 10.0.17134 x86_64) (WARNING: The server did not provide any stacktrace information)
Command duration or timeout: 0 milliseconds
For documentation on this error, please visit: https://www.seleniumhq.org/exceptions/stale_element_reference.html
Build info: version: '3.141.59', revision: 'e82be7d358', time: '2018-11-14T08:17:03'
System info: host: 'DESKTOP-E0L3QD7', ip: '192.168.1.120', os.name: 'Windows 10', os.arch: 'amd64', os.version: '10.0', java.version: '1.8.0_191'
Driver info: org.openqa.selenium.chrome.ChromeDriver
Capabilities {acceptInsecureCerts: false, acceptSslCerts: false, applicationCacheEnabled: false, browserConnectionEnabled: false, browserName: chrome, chrome: {chromedriverVersion: 2.43.600210 (68dcf5eebde371..., userDataDir: C:\Users\sopja\AppData\Loca...}, cssSelectorsEnabled: true, databaseEnabled: false, goog:chromeOptions: {debuggerAddress: localhost:55785}, handlesAlerts: true, hasTouchScreen: false, javascriptEnabled: true, locationContextEnabled: true, mobileEmulationEnabled: false, nativeEvents: true, networkConnectionEnabled: false, pageLoadStrategy: normal, platform: XP, platformName: XP, rotatable: false, setWindowRect: true, takesHeapSnapshot: true, takesScreenshot: true, unexpectedAlertBehaviour: , unhandledPromptBehavior: , version: 72.0.3626.121, webStorageEnabled: true}
Session ID: 3e4f453999ca60b89199f6df54ddb5c5
	at sun.reflect.NativeConstructorAccessorImpl.newInstance0(Native Method)
	at sun.reflect.NativeConstructorAccessorImpl.newInstance(NativeConstructorAccessorImpl.java:62)
	at sun.reflect.DelegatingConstructorAccessorImpl.newInstance(DelegatingConstructorAccessorImpl.java:45)
	at java.lang.reflect.Constructor.newInstance(Constructor.java:423)
	at org.openqa.selenium.remote.ErrorHandler.createThrowable(ErrorHandler.java:214)
	at org.openqa.selenium.remote.ErrorHandler.throwIfResponseFailed(ErrorHandler.java:166)
	at org.openqa.selenium.remote.http.JsonHttpResponseCodec.reconstructValue(JsonHttpResponseCodec.java:40)
	at org.openqa.selenium.remote.http.AbstractHttpResponseCodec.decode(AbstractHttpResponseCodec.java:80)
	at org.openqa.selenium.remote.http.AbstractHttpResponseCodec.decode(AbstractHttpResponseCodec.java:44)
	at org.openqa.selenium.remote.HttpCommandExecutor.execute(HttpCommandExecutor.java:158)
	at org.openqa.selenium.remote.service.DriverCommandExecutor.execute(DriverCommandExecutor.java:83)
	at org.openqa.selenium.remote.RemoteWebDriver.execute(RemoteWebDriver.java:552)
	at org.openqa.selenium.remote.RemoteWebElement.execute(RemoteWebElement.java:285)
	at org.openqa.selenium.remote.RemoteWebElement.click(RemoteWebElement.java:84)
	at stepdefs.WebsiteStepDefs.removedUser(WebsiteStepDefs.java:905)
	at ?.User click on Delete user button(src/test/resource/UserPanel.feature:47)
&amp#27;[0m
    &amp#27;[36mThen &amp#27;[0m&amp#27;[36mCheck if User &amp#27;[0m&amp#27;[36m&amp#27;[1mEdonis&amp#27;[0m&amp#27;[36m dissapears from the list&amp#27;[0m &amp#27;[90m# WebsiteStepDefs.checkRemovedUser(String)&amp#27;[0m
]]></system-out>

      </testcase>

      <testcase classname="Virtual Devices Tests" name="Create Virtual Device" time="19.455" />

      <testcase classname="Virtual Devices Tests" name="Add Points to Virtual Device" time="18.797" />

      <testcase classname="Virtual Devices Tests" name="Remove Points to Virtual Device" time="21.12" />

  </testsuite>
</testsuites>
