[
  {
    "line": 1,
    "elements": [
      {
        "line": 4,
        "name": "Steps That execute before every scenario",
        "description": "",
        "type": "background",
        "keyword": "Background",
        "steps": [
          {
            "result": {
              "duration": 9411700600,
              "status": "passed"
            },
            "line": 5,
            "name": "User goes to Login page",
            "match": {
              "location": "WebsiteStepDefs.goToKodeLabsPage()"
            },
            "keyword": "Given "
          },
          {
            "result": {
              "duration": 51990900,
              "status": "passed"
            },
            "line": 6,
            "name": "Check If user is at Login Page",
            "match": {
              "location": "UserProfileStepDefs.checkUserIsAtLoginPage()"
            },
            "keyword": "Then "
          }
        ]
      },
      {
        "line": 9,
        "name": "User request access to building",
        "description": "",
        "id": "access-tests;user-request-access-to-building",
        "type": "scenario",
        "keyword": "Scenario",
        "steps": [
          {
            "result": {
              "duration": 1245827100,
              "status": "passed"
            },
            "line": 10,
            "name": "User Enter user@access.com as username and 123456 as password and click Login",
            "match": {
              "arguments": [
                {
                  "val": "user@access.com",
                  "offset": 11
                },
                {
                  "val": "123456",
                  "offset": 43
                }
              ],
              "location": "UserProfileStepDefs.loginAs(String,String)"
            },
            "keyword": "When "
          },
          {
            "result": {
              "duration": 595902500,
              "status": "passed"
            },
            "line": 11,
            "name": "Check if user is logged in",
            "match": {
              "location": "WebsiteStepDefs.checkIfUserIsLoggedIn()"
            },
            "keyword": "Then "
          },
          {
            "result": {
              "duration": 2081945800,
              "status": "passed"
            },
            "line": 12,
            "name": "User Click on Access button",
            "match": {
              "location": "AccessStepDefs.clickAccess()"
            },
            "keyword": "And "
          },
          {
            "result": {
              "duration": 1024060100,
              "status": "passed"
            },
            "line": 13,
            "name": "Check if Access page appears",
            "match": {
              "location": "AccessStepDefs.checkIfAccessPageAppears()"
            },
            "keyword": "Then "
          },
          {
            "result": {
              "duration": 137357800,
              "status": "passed"
            },
            "line": 14,
            "name": "User click create new request button",
            "match": {
              "location": "AccessStepDefs.addNewRequest()"
            },
            "keyword": "When "
          },
          {
            "result": {
              "duration": 5343673000,
              "status": "passed"
            },
            "line": 15,
            "name": "User select Access User and select Automation Testing building for access",
            "match": {
              "arguments": [
                {
                  "val": "Access User",
                  "offset": 12
                },
                {
                  "val": "Automation Testing",
                  "offset": 35
                }
              ],
              "location": "AccessStepDefs.selectUserAndBuilding(String,String)"
            },
            "keyword": "And "
          },
          {
            "result": {
              "error_message": "org.openqa.selenium.ElementClickInterceptedException: element click intercepted: Element is not clickable at point (-1, 924)\n  (Session info: chrome\u003d77.0.3865.90)\nBuild info: version: \u00273.141.59\u0027, revision: \u0027e82be7d358\u0027, time: \u00272018-11-14T08:17:03\u0027\nSystem info: host: \u0027DESKTOP-E0L3QD7\u0027, ip: \u0027192.168.1.120\u0027, os.name: \u0027Windows 10\u0027, os.arch: \u0027amd64\u0027, os.version: \u002710.0\u0027, java.version: \u00271.8.0_191\u0027\nDriver info: org.openqa.selenium.chrome.ChromeDriver\nCapabilities {acceptInsecureCerts: false, browserName: chrome, browserVersion: 77.0.3865.90, chrome: {chromedriverVersion: 77.0.3865.40 (f484704e052e0..., userDataDir: C:\\Users\\sopja\\AppData\\Loca...}, goog:chromeOptions: {debuggerAddress: localhost:52797}, javascriptEnabled: true, networkConnectionEnabled: false, pageLoadStrategy: normal, platform: XP, platformName: XP, proxy: Proxy(), setWindowRect: true, strictFileInteractability: false, timeouts: {implicit: 0, pageLoad: 300000, script: 30000}, unhandledPromptBehavior: dismiss and notify}\nSession ID: 93bfd49b4ff5bf4df1c27bc2592a8007\r\n\tat sun.reflect.NativeConstructorAccessorImpl.newInstance0(Native Method)\r\n\tat sun.reflect.NativeConstructorAccessorImpl.newInstance(NativeConstructorAccessorImpl.java:62)\r\n\tat sun.reflect.DelegatingConstructorAccessorImpl.newInstance(DelegatingConstructorAccessorImpl.java:45)\r\n\tat java.lang.reflect.Constructor.newInstance(Constructor.java:423)\r\n\tat org.openqa.selenium.remote.http.W3CHttpResponseCodec.createException(W3CHttpResponseCodec.java:187)\r\n\tat org.openqa.selenium.remote.http.W3CHttpResponseCodec.decode(W3CHttpResponseCodec.java:122)\r\n\tat org.openqa.selenium.remote.http.W3CHttpResponseCodec.decode(W3CHttpResponseCodec.java:49)\r\n\tat org.openqa.selenium.remote.HttpCommandExecutor.execute(HttpCommandExecutor.java:158)\r\n\tat org.openqa.selenium.remote.service.DriverCommandExecutor.execute(DriverCommandExecutor.java:83)\r\n\tat org.openqa.selenium.remote.RemoteWebDriver.execute(RemoteWebDriver.java:552)\r\n\tat org.openqa.selenium.remote.RemoteWebElement.execute(RemoteWebElement.java:285)\r\n\tat org.openqa.selenium.remote.RemoteWebElement.click(RemoteWebElement.java:84)\r\n\tat stepdefs.AccessStepDefs.selectStartAndEndDate(AccessStepDefs.java:58)\r\n\tat ✽.User select request from today until tomorrow(src/test/resource/Access.feature:16)\r\n",
              "duration": 1198507400,
              "status": "failed"
            },
            "line": 16,
            "name": "User select request from today until tomorrow",
            "match": {
              "arguments": [
                {
                  "val": "today",
                  "offset": 25
                },
                {
                  "val": "tomorrow",
                  "offset": 37
                }
              ],
              "location": "AccessStepDefs.selectStartAndEndDate(String,String)"
            },
            "keyword": "And "
          },
          {
            "result": {
              "status": "skipped"
            },
            "line": 17,
            "name": "User select shift and Just for Testing as reason and click save",
            "match": {
              "arguments": [
                {
                  "val": "Just for Testing",
                  "offset": 22
                }
              ],
              "location": "AccessStepDefs.selectShiftAndReason(String)"
            },
            "keyword": "And "
          },
          {
            "result": {
              "status": "skipped"
            },
            "line": 18,
            "name": "Check if request appears on list with status pending",
            "match": {
              "arguments": [
                {
                  "val": "pending",
                  "offset": 45
                }
              ],
              "location": "AccessStepDefs.checkRequestPrimaryStatus(String)"
            },
            "keyword": "Then "
          }
        ],
        "tags": [
          {
            "name": "@Access"
          },
          {
            "name": "@SmokeTest"
          }
        ]
      },
      {
        "line": 4,
        "name": "Steps That execute before every scenario",
        "description": "",
        "type": "background",
        "keyword": "Background",
        "steps": [
          {
            "result": {
              "duration": 5359474900,
              "status": "passed"
            },
            "line": 5,
            "name": "User goes to Login page",
            "match": {
              "location": "WebsiteStepDefs.goToKodeLabsPage()"
            },
            "keyword": "Given "
          },
          {
            "result": {
              "duration": 20817000,
              "status": "passed"
            },
            "line": 6,
            "name": "Check If user is at Login Page",
            "match": {
              "location": "UserProfileStepDefs.checkUserIsAtLoginPage()"
            },
            "keyword": "Then "
          }
        ]
      },
      {
        "line": 21,
        "name": "Admin approve request from user to specific building",
        "description": "",
        "id": "access-tests;admin-approve-request-from-user-to-specific-building",
        "type": "scenario",
        "keyword": "Scenario",
        "steps": [
          {
            "result": {
              "duration": 1208579300,
              "status": "passed"
            },
            "line": 22,
            "name": "User Enter user@super.com as username and 123456 as password and click Login",
            "match": {
              "arguments": [
                {
                  "val": "user@super.com",
                  "offset": 11
                },
                {
                  "val": "123456",
                  "offset": 42
                }
              ],
              "location": "UserProfileStepDefs.loginAs(String,String)"
            },
            "keyword": "When "
          },
          {
            "result": {
              "duration": 564338600,
              "status": "passed"
            },
            "line": 23,
            "name": "Check if user is logged in",
            "match": {
              "location": "WebsiteStepDefs.checkIfUserIsLoggedIn()"
            },
            "keyword": "Then "
          },
          {
            "result": {
              "error_message": "org.openqa.selenium.ElementClickInterceptedException: element click intercepted: Element \u003ca _ngcontent-dbm-c4\u003d\"\" class\u003d\"menu-item expandable\" id\u003d\"access\" routerlink\u003d\"/real-estate/access\" routerlinkactive\u003d\"active\" href\u003d\"/real-estate/access\"\u003e...\u003c/a\u003e is not clickable at point (31, 401). Other element would receive the click: \u003cdiv _ngcontent-dbm-c21\u003d\"\" class\u003d\"left-menu-container\"\u003e...\u003c/div\u003e\n  (Session info: chrome\u003d77.0.3865.90)\nBuild info: version: \u00273.141.59\u0027, revision: \u0027e82be7d358\u0027, time: \u00272018-11-14T08:17:03\u0027\nSystem info: host: \u0027DESKTOP-E0L3QD7\u0027, ip: \u0027192.168.1.120\u0027, os.name: \u0027Windows 10\u0027, os.arch: \u0027amd64\u0027, os.version: \u002710.0\u0027, java.version: \u00271.8.0_191\u0027\nDriver info: org.openqa.selenium.chrome.ChromeDriver\nCapabilities {acceptInsecureCerts: false, browserName: chrome, browserVersion: 77.0.3865.90, chrome: {chromedriverVersion: 77.0.3865.40 (f484704e052e0..., userDataDir: C:\\Users\\sopja\\AppData\\Loca...}, goog:chromeOptions: {debuggerAddress: localhost:52797}, javascriptEnabled: true, networkConnectionEnabled: false, pageLoadStrategy: normal, platform: XP, platformName: XP, proxy: Proxy(), setWindowRect: true, strictFileInteractability: false, timeouts: {implicit: 0, pageLoad: 300000, script: 30000}, unhandledPromptBehavior: dismiss and notify}\nSession ID: 93bfd49b4ff5bf4df1c27bc2592a8007\r\n\tat sun.reflect.NativeConstructorAccessorImpl.newInstance0(Native Method)\r\n\tat sun.reflect.NativeConstructorAccessorImpl.newInstance(NativeConstructorAccessorImpl.java:62)\r\n\tat sun.reflect.DelegatingConstructorAccessorImpl.newInstance(DelegatingConstructorAccessorImpl.java:45)\r\n\tat java.lang.reflect.Constructor.newInstance(Constructor.java:423)\r\n\tat org.openqa.selenium.remote.http.W3CHttpResponseCodec.createException(W3CHttpResponseCodec.java:187)\r\n\tat org.openqa.selenium.remote.http.W3CHttpResponseCodec.decode(W3CHttpResponseCodec.java:122)\r\n\tat org.openqa.selenium.remote.http.W3CHttpResponseCodec.decode(W3CHttpResponseCodec.java:49)\r\n\tat org.openqa.selenium.remote.HttpCommandExecutor.execute(HttpCommandExecutor.java:158)\r\n\tat org.openqa.selenium.remote.service.DriverCommandExecutor.execute(DriverCommandExecutor.java:83)\r\n\tat org.openqa.selenium.remote.RemoteWebDriver.execute(RemoteWebDriver.java:552)\r\n\tat org.openqa.selenium.remote.RemoteWebElement.execute(RemoteWebElement.java:285)\r\n\tat org.openqa.selenium.remote.RemoteWebElement.click(RemoteWebElement.java:84)\r\n\tat stepdefs.AccessStepDefs.clickAccess(AccessStepDefs.java:19)\r\n\tat ✽.User Click on Access button(src/test/resource/Access.feature:24)\r\n",
              "duration": 2060561500,
              "status": "failed"
            },
            "line": 24,
            "name": "User Click on Access button",
            "match": {
              "location": "AccessStepDefs.clickAccess()"
            },
            "keyword": "And "
          },
          {
            "result": {
              "status": "skipped"
            },
            "line": 25,
            "name": "Check if Access page appears",
            "match": {
              "location": "AccessStepDefs.checkIfAccessPageAppears()"
            },
            "keyword": "Then "
          },
          {
            "result": {
              "status": "skipped"
            },
            "line": 26,
            "name": "User Click request from Access User and approves it",
            "match": {
              "arguments": [
                {
                  "val": "Access User",
                  "offset": 24
                }
              ],
              "location": "AccessStepDefs.userApprovesRequest(String)"
            },
            "keyword": "And "
          },
          {
            "result": {
              "status": "skipped"
            },
            "line": 27,
            "name": "Check if request status changes to active",
            "match": {
              "arguments": [
                {
                  "val": "active",
                  "offset": 35
                }
              ],
              "location": "AccessStepDefs.checkIfRequestStatusIsChanged(String)"
            },
            "keyword": "Then "
          }
        ],
        "tags": [
          {
            "name": "@Access"
          },
          {
            "name": "@SmokeTest"
          }
        ]
      },
      {
        "line": 4,
        "name": "Steps That execute before every scenario",
        "description": "",
        "type": "background",
        "keyword": "Background",
        "steps": [
          {
            "result": {
              "error_message": "org.openqa.selenium.WebDriverException: java.net.ConnectException: Failed to connect to localhost/0:0:0:0:0:0:0:1:44592\nBuild info: version: \u00273.141.59\u0027, revision: \u0027e82be7d358\u0027, time: \u00272018-11-14T08:17:03\u0027\nSystem info: host: \u0027DESKTOP-E0L3QD7\u0027, ip: \u0027192.168.1.120\u0027, os.name: \u0027Windows 10\u0027, os.arch: \u0027amd64\u0027, os.version: \u002710.0\u0027, java.version: \u00271.8.0_191\u0027\nDriver info: driver.version: RemoteWebDriver\r\n\tat org.openqa.selenium.remote.service.DriverCommandExecutor.execute(DriverCommandExecutor.java:92)\r\n\tat org.openqa.selenium.remote.RemoteWebDriver.execute(RemoteWebDriver.java:552)\r\n\tat org.openqa.selenium.remote.RemoteWebDriver.findElements(RemoteWebDriver.java:353)\r\n\tat org.openqa.selenium.remote.RemoteWebDriver.findElementsByXPath(RemoteWebDriver.java:432)\r\n\tat org.openqa.selenium.By$ByXPath.findElements(By.java:348)\r\n\tat org.openqa.selenium.remote.RemoteWebDriver.findElements(RemoteWebDriver.java:311)\r\n\tat stepdefs.WebsiteStepDefs.goToKodeLabsPage(WebsiteStepDefs.java:42)\r\n\tat ✽.User goes to Login page(src/test/resource/Access.feature:5)\r\nCaused by: java.net.ConnectException: Failed to connect to localhost/0:0:0:0:0:0:0:1:44592\r\n\tat okhttp3.internal.connection.RealConnection.connectSocket(RealConnection.java:247)\r\n\tat okhttp3.internal.connection.RealConnection.connect(RealConnection.java:165)\r\n\tat okhttp3.internal.connection.StreamAllocation.findConnection(StreamAllocation.java:257)\r\n\tat okhttp3.internal.connection.StreamAllocation.findHealthyConnection(StreamAllocation.java:135)\r\n\tat okhttp3.internal.connection.StreamAllocation.newStream(StreamAllocation.java:114)\r\n\tat okhttp3.internal.connection.ConnectInterceptor.intercept(ConnectInterceptor.java:42)\r\n\tat okhttp3.internal.http.RealInterceptorChain.proceed(RealInterceptorChain.java:147)\r\n\tat okhttp3.internal.http.RealInterceptorChain.proceed(RealInterceptorChain.java:121)\r\n\tat okhttp3.internal.cache.CacheInterceptor.intercept(CacheInterceptor.java:93)\r\n\tat okhttp3.internal.http.RealInterceptorChain.proceed(RealInterceptorChain.java:147)\r\n\tat okhttp3.internal.http.RealInterceptorChain.proceed(RealInterceptorChain.java:121)\r\n\tat okhttp3.internal.http.BridgeInterceptor.intercept(BridgeInterceptor.java:93)\r\n\tat okhttp3.internal.http.RealInterceptorChain.proceed(RealInterceptorChain.java:147)\r\n\tat okhttp3.internal.http.RetryAndFollowUpInterceptor.intercept(RetryAndFollowUpInterceptor.java:126)\r\n\tat okhttp3.internal.http.RealInterceptorChain.proceed(RealInterceptorChain.java:147)\r\n\tat okhttp3.internal.http.RealInterceptorChain.proceed(RealInterceptorChain.java:121)\r\n\tat okhttp3.RealCall.getResponseWithInterceptorChain(RealCall.java:200)\r\n\tat okhttp3.RealCall.execute(RealCall.java:77)\r\n\tat org.openqa.selenium.remote.internal.OkHttpClient.execute(OkHttpClient.java:103)\r\n\tat org.openqa.selenium.remote.HttpCommandExecutor.execute(HttpCommandExecutor.java:155)\r\n\tat org.openqa.selenium.remote.service.DriverCommandExecutor.execute(DriverCommandExecutor.java:83)\r\n\tat org.openqa.selenium.remote.RemoteWebDriver.execute(RemoteWebDriver.java:552)\r\n\tat org.openqa.selenium.remote.RemoteWebDriver.findElements(RemoteWebDriver.java:353)\r\n\tat org.openqa.selenium.remote.RemoteWebDriver.findElementsByXPath(RemoteWebDriver.java:432)\r\n\tat org.openqa.selenium.By$ByXPath.findElements(By.java:348)\r\n\tat org.openqa.selenium.remote.RemoteWebDriver.findElements(RemoteWebDriver.java:311)\r\n\tat stepdefs.WebsiteStepDefs.goToKodeLabsPage(WebsiteStepDefs.java:42)\r\n\tat sun.reflect.NativeMethodAccessorImpl.invoke0(Native Method)\r\n\tat sun.reflect.NativeMethodAccessorImpl.invoke(NativeMethodAccessorImpl.java:62)\r\n\tat sun.reflect.DelegatingMethodAccessorImpl.invoke(DelegatingMethodAccessorImpl.java:43)\r\n\tat java.lang.reflect.Method.invoke(Method.java:498)\r\n\tat cucumber.runtime.Utils$1.call(Utils.java:32)\r\n\tat cucumber.runtime.Timeout.timeout(Timeout.java:16)\r\n\tat cucumber.runtime.Utils.invoke(Utils.java:26)\r\n\tat cucumber.runtime.java.JavaStepDefinition.execute(JavaStepDefinition.java:37)\r\n\tat cucumber.runtime.StepDefinitionMatch.runStep(StepDefinitionMatch.java:40)\r\n\tat cucumber.api.TestStep.executeStep(TestStep.java:102)\r\n\tat cucumber.api.TestStep.run(TestStep.java:83)\r\n\tat cucumber.api.TestCase.run(TestCase.java:58)\r\n\tat cucumber.runner.Runner.runPickle(Runner.java:80)\r\n\tat cucumber.runtime.junit.PickleRunners$NoStepDescriptions.run(PickleRunners.java:140)\r\n\tat cucumber.runtime.junit.FeatureRunner.runChild(FeatureRunner.java:68)\r\n\tat cucumber.runtime.junit.FeatureRunner.runChild(FeatureRunner.java:23)\r\n\tat org.junit.runners.ParentRunner$4.run(ParentRunner.java:330)\r\n\tat org.junit.runners.ParentRunner$1.schedule(ParentRunner.java:78)\r\n\tat org.junit.runners.ParentRunner.runChildren(ParentRunner.java:328)\r\n\tat org.junit.runners.ParentRunner.access$100(ParentRunner.java:65)\r\n\tat org.junit.runners.ParentRunner$2.evaluate(ParentRunner.java:292)\r\n\tat org.junit.runners.ParentRunner$3.evaluate(ParentRunner.java:305)\r\n\tat org.junit.runners.ParentRunner.run(ParentRunner.java:412)\r\n\tat cucumber.runtime.junit.FeatureRunner.run(FeatureRunner.java:73)\r\n\tat cucumber.api.junit.Cucumber.runChild(Cucumber.java:117)\r\n\tat cucumber.api.junit.Cucumber.runChild(Cucumber.java:55)\r\n\tat org.junit.runners.ParentRunner$4.run(ParentRunner.java:330)\r\n\tat org.junit.runners.ParentRunner$1.schedule(ParentRunner.java:78)\r\n\tat org.junit.runners.ParentRunner.runChildren(ParentRunner.java:328)\r\n\tat org.junit.runners.ParentRunner.access$100(ParentRunner.java:65)\r\n\tat org.junit.runners.ParentRunner$2.evaluate(ParentRunner.java:292)\r\n\tat cucumber.api.junit.Cucumber$1.evaluate(Cucumber.java:126)\r\n\tat org.junit.internal.runners.statements.RunAfters.evaluate(RunAfters.java:27)\r\n\tat org.junit.runners.ParentRunner$3.evaluate(ParentRunner.java:305)\r\n\tat org.junit.runners.ParentRunner.run(ParentRunner.java:412)\r\n\tat org.apache.maven.surefire.junit4.JUnit4Provider.execute(JUnit4Provider.java:365)\r\n\tat org.apache.maven.surefire.junit4.JUnit4Provider.executeWithRerun(JUnit4Provider.java:273)\r\n\tat org.apache.maven.surefire.junit4.JUnit4Provider.executeTestSet(JUnit4Provider.java:238)\r\n\tat org.apache.maven.surefire.junit4.JUnit4Provider.invoke(JUnit4Provider.java:159)\r\n\tat org.apache.maven.surefire.booter.ForkedBooter.invokeProviderInSameClassLoader(ForkedBooter.java:383)\r\n\tat org.apache.maven.surefire.booter.ForkedBooter.runSuitesInProcess(ForkedBooter.java:344)\r\n\tat org.apache.maven.surefire.booter.ForkedBooter.execute(ForkedBooter.java:125)\r\n\tat org.apache.maven.surefire.booter.ForkedBooter.main(ForkedBooter.java:417)\r\nCaused by: java.net.ConnectException: Connection refused: connect\r\n\tat java.net.DualStackPlainSocketImpl.waitForConnect(Native Method)\r\n\tat java.net.DualStackPlainSocketImpl.socketConnect(DualStackPlainSocketImpl.java:85)\r\n\tat java.net.AbstractPlainSocketImpl.doConnect(AbstractPlainSocketImpl.java:350)\r\n\tat java.net.AbstractPlainSocketImpl.connectToAddress(AbstractPlainSocketImpl.java:206)\r\n\tat java.net.AbstractPlainSocketImpl.connect(AbstractPlainSocketImpl.java:188)\r\n\tat java.net.PlainSocketImpl.connect(PlainSocketImpl.java:172)\r\n\tat java.net.SocksSocketImpl.connect(SocksSocketImpl.java:392)\r\n\tat java.net.Socket.connect(Socket.java:589)\r\n\tat okhttp3.internal.platform.Platform.connectSocket(Platform.java:129)\r\n\tat okhttp3.internal.connection.RealConnection.connectSocket(RealConnection.java:245)\r\n\t... 69 more\r\n",
              "duration": 17695044300,
              "status": "failed"
            },
            "line": 5,
            "name": "User goes to Login page",
            "match": {
              "location": "WebsiteStepDefs.goToKodeLabsPage()"
            },
            "keyword": "Given "
          },
          {
            "result": {
              "status": "skipped"
            },
            "line": 6,
            "name": "Check If user is at Login Page",
            "match": {
              "location": "UserProfileStepDefs.checkUserIsAtLoginPage()"
            },
            "keyword": "Then "
          }
        ]
      },
      {
        "line": 30,
        "name": "User log in to see if building appears on Sites page",
        "description": "",
        "id": "access-tests;user-log-in-to-see-if-building-appears-on-sites-page",
        "type": "scenario",
        "keyword": "Scenario",
        "steps": [
          {
            "result": {
              "status": "skipped"
            },
            "line": 31,
            "name": "User Enter user@access.com as username and 123456 as password and click Login",
            "match": {
              "arguments": [
                {
                  "val": "user@access.com",
                  "offset": 11
                },
                {
                  "val": "123456",
                  "offset": 43
                }
              ],
              "location": "UserProfileStepDefs.loginAs(String,String)"
            },
            "keyword": "When "
          },
          {
            "result": {
              "status": "skipped"
            },
            "line": 32,
            "name": "Check if user is logged in",
            "match": {
              "location": "WebsiteStepDefs.checkIfUserIsLoggedIn()"
            },
            "keyword": "Then "
          },
          {
            "result": {
              "status": "skipped"
            },
            "line": 33,
            "name": "Check if Automation Testing building appears on list",
            "match": {
              "arguments": [
                {
                  "val": "Automation Testing",
                  "offset": 9
                }
              ],
              "location": "AccessStepDefs.checkBuildingAppearsOnSitesPage(String)"
            },
            "keyword": "Then "
          }
        ],
        "tags": [
          {
            "name": "@Access"
          },
          {
            "name": "@SmokeTest"
          }
        ]
      },
      {
        "line": 4,
        "name": "Steps That execute before every scenario",
        "description": "",
        "type": "background",
        "keyword": "Background",
        "steps": [
          {
            "result": {
              "error_message": "org.openqa.selenium.WebDriverException: java.net.ConnectException: Failed to connect to localhost/0:0:0:0:0:0:0:1:44592\nBuild info: version: \u00273.141.59\u0027, revision: \u0027e82be7d358\u0027, time: \u00272018-11-14T08:17:03\u0027\nSystem info: host: \u0027DESKTOP-E0L3QD7\u0027, ip: \u0027192.168.1.120\u0027, os.name: \u0027Windows 10\u0027, os.arch: \u0027amd64\u0027, os.version: \u002710.0\u0027, java.version: \u00271.8.0_191\u0027\nDriver info: driver.version: RemoteWebDriver\r\n\tat org.openqa.selenium.remote.service.DriverCommandExecutor.execute(DriverCommandExecutor.java:92)\r\n\tat org.openqa.selenium.remote.RemoteWebDriver.execute(RemoteWebDriver.java:552)\r\n\tat org.openqa.selenium.remote.RemoteWebDriver.get(RemoteWebDriver.java:277)\r\n\tat org.openqa.selenium.remote.RemoteWebDriver$RemoteNavigation.to(RemoteWebDriver.java:857)\r\n\tat stepdefs.WebsiteStepDefs.goToKodeLabsPage(WebsiteStepDefs.java:39)\r\n\tat ✽.User goes to Login page(src/test/resource/Access.feature:5)\r\nCaused by: java.net.ConnectException: Failed to connect to localhost/0:0:0:0:0:0:0:1:44592\r\n\tat okhttp3.internal.connection.RealConnection.connectSocket(RealConnection.java:247)\r\n\tat okhttp3.internal.connection.RealConnection.connect(RealConnection.java:165)\r\n\tat okhttp3.internal.connection.StreamAllocation.findConnection(StreamAllocation.java:257)\r\n\tat okhttp3.internal.connection.StreamAllocation.findHealthyConnection(StreamAllocation.java:135)\r\n\tat okhttp3.internal.connection.StreamAllocation.newStream(StreamAllocation.java:114)\r\n\tat okhttp3.internal.connection.ConnectInterceptor.intercept(ConnectInterceptor.java:42)\r\n\tat okhttp3.internal.http.RealInterceptorChain.proceed(RealInterceptorChain.java:147)\r\n\tat okhttp3.internal.http.RealInterceptorChain.proceed(RealInterceptorChain.java:121)\r\n\tat okhttp3.internal.cache.CacheInterceptor.intercept(CacheInterceptor.java:93)\r\n\tat okhttp3.internal.http.RealInterceptorChain.proceed(RealInterceptorChain.java:147)\r\n\tat okhttp3.internal.http.RealInterceptorChain.proceed(RealInterceptorChain.java:121)\r\n\tat okhttp3.internal.http.BridgeInterceptor.intercept(BridgeInterceptor.java:93)\r\n\tat okhttp3.internal.http.RealInterceptorChain.proceed(RealInterceptorChain.java:147)\r\n\tat okhttp3.internal.http.RetryAndFollowUpInterceptor.intercept(RetryAndFollowUpInterceptor.java:126)\r\n\tat okhttp3.internal.http.RealInterceptorChain.proceed(RealInterceptorChain.java:147)\r\n\tat okhttp3.internal.http.RealInterceptorChain.proceed(RealInterceptorChain.java:121)\r\n\tat okhttp3.RealCall.getResponseWithInterceptorChain(RealCall.java:200)\r\n\tat okhttp3.RealCall.execute(RealCall.java:77)\r\n\tat org.openqa.selenium.remote.internal.OkHttpClient.execute(OkHttpClient.java:103)\r\n\tat org.openqa.selenium.remote.HttpCommandExecutor.execute(HttpCommandExecutor.java:155)\r\n\tat org.openqa.selenium.remote.service.DriverCommandExecutor.execute(DriverCommandExecutor.java:83)\r\n\tat org.openqa.selenium.remote.RemoteWebDriver.execute(RemoteWebDriver.java:552)\r\n\tat org.openqa.selenium.remote.RemoteWebDriver.get(RemoteWebDriver.java:277)\r\n\tat org.openqa.selenium.remote.RemoteWebDriver$RemoteNavigation.to(RemoteWebDriver.java:857)\r\n\tat stepdefs.WebsiteStepDefs.goToKodeLabsPage(WebsiteStepDefs.java:39)\r\n\tat sun.reflect.NativeMethodAccessorImpl.invoke0(Native Method)\r\n\tat sun.reflect.NativeMethodAccessorImpl.invoke(NativeMethodAccessorImpl.java:62)\r\n\tat sun.reflect.DelegatingMethodAccessorImpl.invoke(DelegatingMethodAccessorImpl.java:43)\r\n\tat java.lang.reflect.Method.invoke(Method.java:498)\r\n\tat cucumber.runtime.Utils$1.call(Utils.java:32)\r\n\tat cucumber.runtime.Timeout.timeout(Timeout.java:16)\r\n\tat cucumber.runtime.Utils.invoke(Utils.java:26)\r\n\tat cucumber.runtime.java.JavaStepDefinition.execute(JavaStepDefinition.java:37)\r\n\tat cucumber.runtime.StepDefinitionMatch.runStep(StepDefinitionMatch.java:40)\r\n\tat cucumber.api.TestStep.executeStep(TestStep.java:102)\r\n\tat cucumber.api.TestStep.run(TestStep.java:83)\r\n\tat cucumber.api.TestCase.run(TestCase.java:58)\r\n\tat cucumber.runner.Runner.runPickle(Runner.java:80)\r\n\tat cucumber.runtime.junit.PickleRunners$NoStepDescriptions.run(PickleRunners.java:140)\r\n\tat cucumber.runtime.junit.FeatureRunner.runChild(FeatureRunner.java:68)\r\n\tat cucumber.runtime.junit.FeatureRunner.runChild(FeatureRunner.java:23)\r\n\tat org.junit.runners.ParentRunner$4.run(ParentRunner.java:330)\r\n\tat org.junit.runners.ParentRunner$1.schedule(ParentRunner.java:78)\r\n\tat org.junit.runners.ParentRunner.runChildren(ParentRunner.java:328)\r\n\tat org.junit.runners.ParentRunner.access$100(ParentRunner.java:65)\r\n\tat org.junit.runners.ParentRunner$2.evaluate(ParentRunner.java:292)\r\n\tat org.junit.runners.ParentRunner$3.evaluate(ParentRunner.java:305)\r\n\tat org.junit.runners.ParentRunner.run(ParentRunner.java:412)\r\n\tat cucumber.runtime.junit.FeatureRunner.run(FeatureRunner.java:73)\r\n\tat cucumber.api.junit.Cucumber.runChild(Cucumber.java:117)\r\n\tat cucumber.api.junit.Cucumber.runChild(Cucumber.java:55)\r\n\tat org.junit.runners.ParentRunner$4.run(ParentRunner.java:330)\r\n\tat org.junit.runners.ParentRunner$1.schedule(ParentRunner.java:78)\r\n\tat org.junit.runners.ParentRunner.runChildren(ParentRunner.java:328)\r\n\tat org.junit.runners.ParentRunner.access$100(ParentRunner.java:65)\r\n\tat org.junit.runners.ParentRunner$2.evaluate(ParentRunner.java:292)\r\n\tat cucumber.api.junit.Cucumber$1.evaluate(Cucumber.java:126)\r\n\tat org.junit.internal.runners.statements.RunAfters.evaluate(RunAfters.java:27)\r\n\tat org.junit.runners.ParentRunner$3.evaluate(ParentRunner.java:305)\r\n\tat org.junit.runners.ParentRunner.run(ParentRunner.java:412)\r\n\tat org.apache.maven.surefire.junit4.JUnit4Provider.execute(JUnit4Provider.java:365)\r\n\tat org.apache.maven.surefire.junit4.JUnit4Provider.executeWithRerun(JUnit4Provider.java:273)\r\n\tat org.apache.maven.surefire.junit4.JUnit4Provider.executeTestSet(JUnit4Provider.java:238)\r\n\tat org.apache.maven.surefire.junit4.JUnit4Provider.invoke(JUnit4Provider.java:159)\r\n\tat org.apache.maven.surefire.booter.ForkedBooter.invokeProviderInSameClassLoader(ForkedBooter.java:383)\r\n\tat org.apache.maven.surefire.booter.ForkedBooter.runSuitesInProcess(ForkedBooter.java:344)\r\n\tat org.apache.maven.surefire.booter.ForkedBooter.execute(ForkedBooter.java:125)\r\n\tat org.apache.maven.surefire.booter.ForkedBooter.main(ForkedBooter.java:417)\r\nCaused by: java.net.ConnectException: Connection refused: connect\r\n\tat java.net.DualStackPlainSocketImpl.waitForConnect(Native Method)\r\n\tat java.net.DualStackPlainSocketImpl.socketConnect(DualStackPlainSocketImpl.java:85)\r\n\tat java.net.AbstractPlainSocketImpl.doConnect(AbstractPlainSocketImpl.java:350)\r\n\tat java.net.AbstractPlainSocketImpl.connectToAddress(AbstractPlainSocketImpl.java:206)\r\n\tat java.net.AbstractPlainSocketImpl.connect(AbstractPlainSocketImpl.java:188)\r\n\tat java.net.PlainSocketImpl.connect(PlainSocketImpl.java:172)\r\n\tat java.net.SocksSocketImpl.connect(SocksSocketImpl.java:392)\r\n\tat java.net.Socket.connect(Socket.java:589)\r\n\tat okhttp3.internal.platform.Platform.connectSocket(Platform.java:129)\r\n\tat okhttp3.internal.connection.RealConnection.connectSocket(RealConnection.java:245)\r\n\t... 67 more\r\n",
              "duration": 4017095500,
              "status": "failed"
            },
            "line": 5,
            "name": "User goes to Login page",
            "match": {
              "location": "WebsiteStepDefs.goToKodeLabsPage()"
            },
            "keyword": "Given "
          },
          {
            "result": {
              "status": "skipped"
            },
            "line": 6,
            "name": "Check If user is at Login Page",
            "match": {
              "location": "UserProfileStepDefs.checkUserIsAtLoginPage()"
            },
            "keyword": "Then "
          }
        ]
      },
      {
        "line": 36,
        "name": "Admin reject request from user to specific building",
        "description": "",
        "id": "access-tests;admin-reject-request-from-user-to-specific-building",
        "type": "scenario",
        "keyword": "Scenario",
        "steps": [
          {
            "result": {
              "status": "skipped"
            },
            "line": 37,
            "name": "User Enter user@super.com as username and 123456 as password and click Login",
            "match": {
              "arguments": [
                {
                  "val": "user@super.com",
                  "offset": 11
                },
                {
                  "val": "123456",
                  "offset": 42
                }
              ],
              "location": "UserProfileStepDefs.loginAs(String,String)"
            },
            "keyword": "When "
          },
          {
            "result": {
              "status": "skipped"
            },
            "line": 38,
            "name": "Check if user is logged in",
            "match": {
              "location": "WebsiteStepDefs.checkIfUserIsLoggedIn()"
            },
            "keyword": "Then "
          },
          {
            "result": {
              "status": "skipped"
            },
            "line": 39,
            "name": "User Click on Access button",
            "match": {
              "location": "AccessStepDefs.clickAccess()"
            },
            "keyword": "And "
          },
          {
            "result": {
              "status": "skipped"
            },
            "line": 40,
            "name": "Check if Access page appears",
            "match": {
              "location": "AccessStepDefs.checkIfAccessPageAppears()"
            },
            "keyword": "Then "
          },
          {
            "result": {
              "status": "skipped"
            },
            "line": 41,
            "name": "User Click request from Access User and reject it with reason You are not allowed to view this building",
            "match": {
              "arguments": [
                {
                  "val": "Access User",
                  "offset": 24
                },
                {
                  "val": "You are not allowed to view this building",
                  "offset": 62
                }
              ],
              "location": "AccessStepDefs.rejectAccess(String,String)"
            },
            "keyword": "And "
          },
          {
            "result": {
              "status": "skipped"
            },
            "line": 42,
            "name": "Check if request status changes to rejected",
            "match": {
              "arguments": [
                {
                  "val": "rejected",
                  "offset": 35
                }
              ],
              "location": "AccessStepDefs.checkIfRequestStatusIsChanged(String)"
            },
            "keyword": "Then "
          }
        ],
        "tags": [
          {
            "name": "@Access"
          },
          {
            "name": "@SmokeTest"
          }
        ]
      },
      {
        "line": 4,
        "name": "Steps That execute before every scenario",
        "description": "",
        "type": "background",
        "keyword": "Background",
        "steps": [
          {
            "result": {
              "error_message": "org.openqa.selenium.WebDriverException: java.net.ConnectException: Failed to connect to localhost/0:0:0:0:0:0:0:1:44592\nBuild info: version: \u00273.141.59\u0027, revision: \u0027e82be7d358\u0027, time: \u00272018-11-14T08:17:03\u0027\nSystem info: host: \u0027DESKTOP-E0L3QD7\u0027, ip: \u0027192.168.1.120\u0027, os.name: \u0027Windows 10\u0027, os.arch: \u0027amd64\u0027, os.version: \u002710.0\u0027, java.version: \u00271.8.0_191\u0027\nDriver info: driver.version: RemoteWebDriver\r\n\tat org.openqa.selenium.remote.service.DriverCommandExecutor.execute(DriverCommandExecutor.java:92)\r\n\tat org.openqa.selenium.remote.RemoteWebDriver.execute(RemoteWebDriver.java:552)\r\n\tat org.openqa.selenium.remote.RemoteWebDriver.get(RemoteWebDriver.java:277)\r\n\tat org.openqa.selenium.remote.RemoteWebDriver$RemoteNavigation.to(RemoteWebDriver.java:857)\r\n\tat stepdefs.WebsiteStepDefs.goToKodeLabsPage(WebsiteStepDefs.java:39)\r\n\tat ✽.User goes to Login page(src/test/resource/Access.feature:5)\r\nCaused by: java.net.ConnectException: Failed to connect to localhost/0:0:0:0:0:0:0:1:44592\r\n\tat okhttp3.internal.connection.RealConnection.connectSocket(RealConnection.java:247)\r\n\tat okhttp3.internal.connection.RealConnection.connect(RealConnection.java:165)\r\n\tat okhttp3.internal.connection.StreamAllocation.findConnection(StreamAllocation.java:257)\r\n\tat okhttp3.internal.connection.StreamAllocation.findHealthyConnection(StreamAllocation.java:135)\r\n\tat okhttp3.internal.connection.StreamAllocation.newStream(StreamAllocation.java:114)\r\n\tat okhttp3.internal.connection.ConnectInterceptor.intercept(ConnectInterceptor.java:42)\r\n\tat okhttp3.internal.http.RealInterceptorChain.proceed(RealInterceptorChain.java:147)\r\n\tat okhttp3.internal.http.RealInterceptorChain.proceed(RealInterceptorChain.java:121)\r\n\tat okhttp3.internal.cache.CacheInterceptor.intercept(CacheInterceptor.java:93)\r\n\tat okhttp3.internal.http.RealInterceptorChain.proceed(RealInterceptorChain.java:147)\r\n\tat okhttp3.internal.http.RealInterceptorChain.proceed(RealInterceptorChain.java:121)\r\n\tat okhttp3.internal.http.BridgeInterceptor.intercept(BridgeInterceptor.java:93)\r\n\tat okhttp3.internal.http.RealInterceptorChain.proceed(RealInterceptorChain.java:147)\r\n\tat okhttp3.internal.http.RetryAndFollowUpInterceptor.intercept(RetryAndFollowUpInterceptor.java:126)\r\n\tat okhttp3.internal.http.RealInterceptorChain.proceed(RealInterceptorChain.java:147)\r\n\tat okhttp3.internal.http.RealInterceptorChain.proceed(RealInterceptorChain.java:121)\r\n\tat okhttp3.RealCall.getResponseWithInterceptorChain(RealCall.java:200)\r\n\tat okhttp3.RealCall.execute(RealCall.java:77)\r\n\tat org.openqa.selenium.remote.internal.OkHttpClient.execute(OkHttpClient.java:103)\r\n\tat org.openqa.selenium.remote.HttpCommandExecutor.execute(HttpCommandExecutor.java:155)\r\n\tat org.openqa.selenium.remote.service.DriverCommandExecutor.execute(DriverCommandExecutor.java:83)\r\n\tat org.openqa.selenium.remote.RemoteWebDriver.execute(RemoteWebDriver.java:552)\r\n\tat org.openqa.selenium.remote.RemoteWebDriver.get(RemoteWebDriver.java:277)\r\n\tat org.openqa.selenium.remote.RemoteWebDriver$RemoteNavigation.to(RemoteWebDriver.java:857)\r\n\tat stepdefs.WebsiteStepDefs.goToKodeLabsPage(WebsiteStepDefs.java:39)\r\n\tat sun.reflect.NativeMethodAccessorImpl.invoke0(Native Method)\r\n\tat sun.reflect.NativeMethodAccessorImpl.invoke(NativeMethodAccessorImpl.java:62)\r\n\tat sun.reflect.DelegatingMethodAccessorImpl.invoke(DelegatingMethodAccessorImpl.java:43)\r\n\tat java.lang.reflect.Method.invoke(Method.java:498)\r\n\tat cucumber.runtime.Utils$1.call(Utils.java:32)\r\n\tat cucumber.runtime.Timeout.timeout(Timeout.java:16)\r\n\tat cucumber.runtime.Utils.invoke(Utils.java:26)\r\n\tat cucumber.runtime.java.JavaStepDefinition.execute(JavaStepDefinition.java:37)\r\n\tat cucumber.runtime.StepDefinitionMatch.runStep(StepDefinitionMatch.java:40)\r\n\tat cucumber.api.TestStep.executeStep(TestStep.java:102)\r\n\tat cucumber.api.TestStep.run(TestStep.java:83)\r\n\tat cucumber.api.TestCase.run(TestCase.java:58)\r\n\tat cucumber.runner.Runner.runPickle(Runner.java:80)\r\n\tat cucumber.runtime.junit.PickleRunners$NoStepDescriptions.run(PickleRunners.java:140)\r\n\tat cucumber.runtime.junit.FeatureRunner.runChild(FeatureRunner.java:68)\r\n\tat cucumber.runtime.junit.FeatureRunner.runChild(FeatureRunner.java:23)\r\n\tat org.junit.runners.ParentRunner$4.run(ParentRunner.java:330)\r\n\tat org.junit.runners.ParentRunner$1.schedule(ParentRunner.java:78)\r\n\tat org.junit.runners.ParentRunner.runChildren(ParentRunner.java:328)\r\n\tat org.junit.runners.ParentRunner.access$100(ParentRunner.java:65)\r\n\tat org.junit.runners.ParentRunner$2.evaluate(ParentRunner.java:292)\r\n\tat org.junit.runners.ParentRunner$3.evaluate(ParentRunner.java:305)\r\n\tat org.junit.runners.ParentRunner.run(ParentRunner.java:412)\r\n\tat cucumber.runtime.junit.FeatureRunner.run(FeatureRunner.java:73)\r\n\tat cucumber.api.junit.Cucumber.runChild(Cucumber.java:117)\r\n\tat cucumber.api.junit.Cucumber.runChild(Cucumber.java:55)\r\n\tat org.junit.runners.ParentRunner$4.run(ParentRunner.java:330)\r\n\tat org.junit.runners.ParentRunner$1.schedule(ParentRunner.java:78)\r\n\tat org.junit.runners.ParentRunner.runChildren(ParentRunner.java:328)\r\n\tat org.junit.runners.ParentRunner.access$100(ParentRunner.java:65)\r\n\tat org.junit.runners.ParentRunner$2.evaluate(ParentRunner.java:292)\r\n\tat cucumber.api.junit.Cucumber$1.evaluate(Cucumber.java:126)\r\n\tat org.junit.internal.runners.statements.RunAfters.evaluate(RunAfters.java:27)\r\n\tat org.junit.runners.ParentRunner$3.evaluate(ParentRunner.java:305)\r\n\tat org.junit.runners.ParentRunner.run(ParentRunner.java:412)\r\n\tat org.apache.maven.surefire.junit4.JUnit4Provider.execute(JUnit4Provider.java:365)\r\n\tat org.apache.maven.surefire.junit4.JUnit4Provider.executeWithRerun(JUnit4Provider.java:273)\r\n\tat org.apache.maven.surefire.junit4.JUnit4Provider.executeTestSet(JUnit4Provider.java:238)\r\n\tat org.apache.maven.surefire.junit4.JUnit4Provider.invoke(JUnit4Provider.java:159)\r\n\tat org.apache.maven.surefire.booter.ForkedBooter.invokeProviderInSameClassLoader(ForkedBooter.java:383)\r\n\tat org.apache.maven.surefire.booter.ForkedBooter.runSuitesInProcess(ForkedBooter.java:344)\r\n\tat org.apache.maven.surefire.booter.ForkedBooter.execute(ForkedBooter.java:125)\r\n\tat org.apache.maven.surefire.booter.ForkedBooter.main(ForkedBooter.java:417)\r\nCaused by: java.net.ConnectException: Connection refused: connect\r\n\tat java.net.DualStackPlainSocketImpl.waitForConnect(Native Method)\r\n\tat java.net.DualStackPlainSocketImpl.socketConnect(DualStackPlainSocketImpl.java:85)\r\n\tat java.net.AbstractPlainSocketImpl.doConnect(AbstractPlainSocketImpl.java:350)\r\n\tat java.net.AbstractPlainSocketImpl.connectToAddress(AbstractPlainSocketImpl.java:206)\r\n\tat java.net.AbstractPlainSocketImpl.connect(AbstractPlainSocketImpl.java:188)\r\n\tat java.net.PlainSocketImpl.connect(PlainSocketImpl.java:172)\r\n\tat java.net.SocksSocketImpl.connect(SocksSocketImpl.java:392)\r\n\tat java.net.Socket.connect(Socket.java:589)\r\n\tat okhttp3.internal.platform.Platform.connectSocket(Platform.java:129)\r\n\tat okhttp3.internal.connection.RealConnection.connectSocket(RealConnection.java:245)\r\n\t... 67 more\r\n",
              "duration": 4031162700,
              "status": "failed"
            },
            "line": 5,
            "name": "User goes to Login page",
            "match": {
              "location": "WebsiteStepDefs.goToKodeLabsPage()"
            },
            "keyword": "Given "
          },
          {
            "result": {
              "status": "skipped"
            },
            "line": 6,
            "name": "Check If user is at Login Page",
            "match": {
              "location": "UserProfileStepDefs.checkUserIsAtLoginPage()"
            },
            "keyword": "Then "
          }
        ]
      },
      {
        "line": 45,
        "name": "User delete the request from access page",
        "description": "",
        "id": "access-tests;user-delete-the-request-from-access-page",
        "type": "scenario",
        "keyword": "Scenario",
        "steps": [
          {
            "result": {
              "status": "skipped"
            },
            "line": 46,
            "name": "User Enter user@access.com as username and 123456 as password and click Login",
            "match": {
              "arguments": [
                {
                  "val": "user@access.com",
                  "offset": 11
                },
                {
                  "val": "123456",
                  "offset": 43
                }
              ],
              "location": "UserProfileStepDefs.loginAs(String,String)"
            },
            "keyword": "When "
          },
          {
            "result": {
              "status": "skipped"
            },
            "line": 47,
            "name": "Check if user is logged in",
            "match": {
              "location": "WebsiteStepDefs.checkIfUserIsLoggedIn()"
            },
            "keyword": "Then "
          },
          {
            "result": {
              "status": "skipped"
            },
            "line": 48,
            "name": "User Click on Access button",
            "match": {
              "location": "AccessStepDefs.clickAccess()"
            },
            "keyword": "And "
          },
          {
            "result": {
              "status": "skipped"
            },
            "line": 49,
            "name": "Check if Access page appears",
            "match": {
              "location": "AccessStepDefs.checkIfAccessPageAppears()"
            },
            "keyword": "Then "
          },
          {
            "result": {
              "status": "skipped"
            },
            "line": 50,
            "name": "User Click request from Access User and click delete",
            "match": {
              "arguments": [
                {
                  "val": "Access User",
                  "offset": 24
                }
              ],
              "location": "AccessStepDefs.deleteRequest(String)"
            },
            "keyword": "And "
          },
          {
            "result": {
              "status": "skipped"
            },
            "line": 51,
            "name": "Check if request disappears from list",
            "match": {
              "location": "AccessStepDefs.checkRequestIsDeleted()"
            },
            "keyword": "Then "
          }
        ],
        "tags": [
          {
            "name": "@Access"
          },
          {
            "name": "@SmokeTest"
          }
        ]
      }
    ],
    "name": "Access Tests",
    "description": "  Request Access to building, approve, reject and delete request",
    "id": "access-tests",
    "keyword": "Feature",
    "uri": "src/test/resource/Access.feature",
    "tags": []
  }
]